 nr.     times     cpu time      cpu    wall clock      wc  level                          routine name
        called    in seconds      %     in seconds       %    2    3    4    5    6    7
    1          1  0.265625D+00  100.00  0.287000D+00  100.00                               integration_schemes                     
    2          1  0.000000D+00    0.00  0.300002D-02         1.05                          initialize_all_conditions               
    3          1  0.000000D+00    0.00  0.000000D+00              0.00                     initialize_fixed_conditions             
    4          1  0.000000D+00    0.00  0.000000D+00              0.00                     initialize_variables                    
    5          1  0.000000D+00    0.00  0.200009D-02              0.70                     initialize_output                       
    6          1  0.000000D+00    0.00  0.000000D+00              0.00                     chknmr                                  
    7          1  0.000000D+00    0.00  0.000000D+00              0.00                     initialize_time_dependent_variables     
    8          8  0.000000D+00    0.00  0.000000D+00                   0.00                dlwqt1                                  
    9          3  0.000000D+00    0.00  0.000000D+00                        0.00           dlwqt3                                  
   10          3  0.000000D+00    0.00  0.000000D+00                        0.00           dlwqt4                                  
   11          1  0.000000D+00    0.00  0.000000D+00                        0.00           dlwqib                                  
   12          1  0.000000D+00    0.00  0.000000D+00                        0.00           dlwqtb                                  
   13          8  0.000000D+00    0.00  0.000000D+00                             0.00      dlwmis                                  
   14          1  0.000000D+00    0.00  0.000000D+00                   0.00                dlwqta                                  
   15          1  0.000000D+00    0.00  0.000000D+00                        0.00           evaluate_data_block                     
   16          1  0.000000D+00    0.00  0.000000D+00                   0.00                dlwqtk                                  
   17          1  0.000000D+00    0.00  0.000000D+00              0.00                     delpar00                                
   18          1  0.000000D+00    0.00  0.000000D+00         0.00                          dlwqf5                                  
   19          1  0.265625D+00  100.00  0.275000D+00        95.82                          integration_scheme_15                   
   20        366  0.000000D+00    0.00  0.000000D+00              0.00                     hsurf                                   
   21        366  0.000000D+00    0.00  0.000000D+00              0.00                     set_dry_cells_to_zero_and_update_volumes
   22        366  0.000000D+00    0.00  0.000000D+00              0.00                     setset                                  
   23        366  0.000000D+00    0.00  0.000000D+00              0.00                     proces                                  
   24        366  0.000000D+00    0.00  0.000000D+00              0.00                     dlwq17                                  
   25        366  0.187500D+00   70.59  0.160000D+00             55.75                     write_output                            
   26       4392  0.000000D+00    0.00  0.000000D+00                   0.00                evaluate_timers                         
   27       2564  0.000000D+00    0.00  0.999928D-03                   0.35                update_base_grid_local_array            
   28       1465  0.000000D+00    0.00  0.100017D-02                   0.35                fill_output_buffer_sub_grid             
   29        366  0.468750D-01   17.65  0.270002D-01                   9.41                outmo3                                  
   30        732  0.000000D+00    0.00  0.200009D-02                        0.70           outmo2                                  
   31       1099  0.000000D+00    0.00  0.000000D+00                   0.00                fill_output_buffer_base_grid            
   32        366  0.000000D+00    0.00  0.300050D-02                   1.05                write_binary_map_output                 
   33        366  0.000000D+00    0.00  0.000000D+00                   0.00                write_netcdf_history_output             
   34        366  0.140625D+00   52.94  0.121999D+00                  42.51                write_netcdf_map_output                 
   35        366  0.000000D+00    0.00  0.100017D-02              0.35                     zercum                                  
   36        365  0.000000D+00    0.00  0.000000D+00              0.00                     dlwq18                                  
   37        365  0.000000D+00    0.00  0.000000D+00              0.00                     dlwq14                                  
   38        365  0.000000D+00    0.00  0.200009D-02              0.70                     dlwq41                                  
   39        365  0.000000D+00    0.00  0.999928D-03                   0.35                dlwqt1                                  
   40        365  0.000000D+00    0.00  0.000000D+00                        0.00           dlwqt3                                  
   41        365  0.000000D+00    0.00  0.999928D-03                        0.35           dlwqt4                                  
   42        365  0.000000D+00    0.00  0.000000D+00              0.00                     identify_wet_cells                      
   43        365  0.000000D+00    0.00  0.100017D-02              0.35                     dlwqf1                                  
   44        365  0.000000D+00    0.00  0.000000D+00              0.00                     dlwq15                                  
   45        365  0.000000D+00    0.00  0.000000D+00              0.00                     dlwqm7                                  
   46        365  0.625000D-01   23.53  0.102000D+00             35.54                     ADE solver                              
   47       4380  0.000000D+00    0.00  0.999928D-03                   0.35                dlwqm0                                  
   48       4380  0.000000D+00    0.00  0.999928D-03                   0.35                dlwqf3                                  
   49       4380  0.000000D+00    0.00  0.000000D+00                   0.00                dlwqf4                                  
   50       4380  0.625000D-01   23.53  0.940006D-01                  32.75                sgmres                                  
   51      12410  0.000000D+00    0.00  0.399995D-02                        1.39           matvec                                  
   52      12775  0.312500D-01   11.76  0.269990D-01                        9.41           psolve                                  
   53      12775  0.156250D-01    5.88  0.899959D-02                             3.14      lsolve                                  
   54      12775  0.156250D-01    5.88  0.799966D-02                             2.79      usolve                                  
   55       4015  0.000000D+00    0.00  0.000000D+00                        0.00           basis                                   
   56       4015  0.000000D+00    0.00  0.999928D-03                        0.35           srotg                                   
   57       8030  0.000000D+00    0.00  0.500035D-02                        1.74           apply_plane_rotation                    
   58       4015  0.156250D-01    5.88  0.410013D-01                       14.29           updats                                  
   59       4015  0.000000D+00    0.00  0.260005D-01                             9.06      strsv                                   
   60      40150  0.000000D+00    0.00  0.140007D-01                                  4.88 lsame                                   
   61       4015  0.000000D+00    0.00  0.120006D-01                             4.18      sgemv                                   
   62      20075  0.000000D+00    0.00  0.700045D-02                                  2.44 lsame                                   
   63       4380  0.000000D+00    0.00  0.999928D-03                   0.35                dlwqf7                                  
   64        365  0.000000D+00    0.00  0.000000D+00              0.00                     dlwqb4                                  
   65        365  0.000000D+00    0.00  0.399971D-02              1.39                     initialize_time_dependent_variables     
   66       1095  0.000000D+00    0.00  0.399971D-02                   1.39                dlwqt1                                  
   67        730  0.000000D+00    0.00  0.999928D-03                        0.35           dlwqt3                                  
   68        730  0.000000D+00    0.00  0.000000D+00                        0.00           dlwqt4                                  
   69        365  0.000000D+00    0.00  0.199986D-02                        0.70           dlwqtb                                  
   70       2920  0.000000D+00    0.00  0.199986D-02                             0.70      dlwmis                                  
   71        365  0.000000D+00    0.00  0.000000D+00                   0.00                dlwqta                                  
   72        365  0.000000D+00    0.00  0.000000D+00                   0.00                dlwqtk                                  
   73          1  0.156250D-01    5.88  0.100017D-02              0.35                     write_restart_map_file                  
