Information: KiotaBuilder Cleaning output directory /home/runner/work/horreum-client-python/horreum-client-python/src/horreum/raw_client
Debug: KiotaBuilder kiota version 1.22.3
Information: KiotaBuilder loaded description from local source
Debug: KiotaBuilder step 1 - reading the stream - took 00:00:00.0104305
Warning: KiotaBuilder OpenAPI warning: #/ - A servers entry (v3) or host + basePath + schemes properties (v2) was not present in the OpenAPI description. The root URL will need to be set manually with the request adapter.
Warning: KiotaBuilder OpenAPI warning: #/paths/~1api~1dataset~1list~1{testId}/get/parameters/1/example - Data and type mismatch found.
Warning: KiotaBuilder OpenAPI warning: #/paths/~1api~1run~1data/post/parameters/4/example - Data and type mismatch found.
Warning: KiotaBuilder OpenAPI warning: #/paths/~1api~1run~1data/post/requestBody/content/application~1json/example - Data and type mismatch found.
Warning: KiotaBuilder OpenAPI warning: #/paths/~1api~1run~1test/post/parameters/2/example - Data and type mismatch found.
Warning: KiotaBuilder OpenAPI warning: #/paths/~1api~1run~1{id}~1updateAccess/post/parameters/2/example - Data and type mismatch found.
Warning: KiotaBuilder OpenAPI warning: #/paths/~1api~1schema~1{id}~1updateAccess/post/parameters/2/example - Data and type mismatch found.
Warning: KiotaBuilder OpenAPI warning: #/paths/~1api~1test~1{id}~1updateAccess/post/parameters/2/example - Data and type mismatch found.
Warning: KiotaBuilder OpenAPI warning: #/components/schemas/VersionInfo/properties/startTimestamp/example - Data and type mismatch found.
Error: KiotaBuilder OpenAPI error: #/paths//api/config/datastore/{team} - The path signature '/api/config/datastore/{}' MUST be unique.
Debug: KiotaBuilder step 2 - parsing the document - took 00:00:00.2751189
Debug: KiotaBuilder step 3 - updating generation configuration from kiota extension - took 00:00:00.0002722
Debug: KiotaBuilder step 4 - filtering API paths with patterns - took 00:00:00.0061393
Warning: KiotaBuilder No server url found in the OpenAPI document. The base url will need to be set when using the client.
Debug: KiotaBuilder step 5 - checking whether the output should be updated - took 00:00:00.0289843
Debug: KiotaBuilder step 6 - create uri space - took 00:00:00.0158726
Debug: KiotaBuilder InitializeInheritanceIndex 00:00:00.0050133
Warning: KiotaBuilder Discriminator Dataset is not inherited from ProtectedTimeType.
Warning: KiotaBuilder Discriminator Dataset is not inherited from ProtectedType.
Debug: KiotaBuilder CreateRequestBuilderClass 00:00:00
Debug: KiotaBuilder MapTypeDefinitions 00:00:00.0126459
Information: KiotaBuilder Removing unused model ReportLog as it is not referenced by the client API surface
Information: KiotaBuilder Removing unused model ActionLog as it is not referenced by the client API surface
Debug: KiotaBuilder TrimInheritedModels 00:00:00
Debug: KiotaBuilder CleanUpInternalState 00:00:00
Debug: KiotaBuilder step 7 - create source model - took 00:00:00.1425186
Debug: KiotaBuilder 120ms: Language refinement applied
Debug: KiotaBuilder step 8 - refine by language - took 00:00:00.1213765
Debug: KiotaBuilder step 9 - writing files - took 00:00:00.1857111
Information: KiotaBuilder loaded description from local source
Debug: KiotaBuilder step 10 - writing lock file - took 00:00:00.0242932
Debug: KiotaBuilder Api manifest path: /home/runner/work/horreum-client-python/horreum-client-python/apimanifest.json
